2014-11-11 04:49:48 Error: [MissingControllerException] Controller class ImgController could not be found.
Exception Attributes: array (
  'class' => 'ImgController',
  'plugin' => 'Install',
)
Request URL: /cakeStrap-master/install/img/installation-bg.png
Stack Trace:
#0 C:\Users\Bardock\Downloads\UniServerZ\www\cakeStrap-master\app\webroot\index.php(111): Dispatcher->dispatch(Object(CakeRequest), Object(CakeResponse))
#1 {main}
2014-11-11 05:08:12 Error: [MissingControllerException] Controller class UserController could not be found.
Exception Attributes: array (
  'class' => 'UserController',
  'plugin' => NULL,
)
Request URL: /cakeStrap-master/user/add
Stack Trace:
#0 C:\Users\Bardock\Downloads\UniServerZ\www\cakeStrap-master\app\webroot\index.php(111): Dispatcher->dispatch(Object(CakeRequest), Object(CakeResponse))
#1 {main}
2014-11-11 05:24:47 Error: [PDOException] SQLSTATE[23000]: Integrity constraint violation: 1062 Duplicate entry '0' for key 'PRIMARY'
Request URL: /cakeStrap-master/GolfClubs/edit/0
Stack Trace:
#0 C:\Users\Bardock\Downloads\UniServerZ\www\cakeStrap-master\lib\Cake\Model\Datasource\DboSource.php(460): PDOStatement->execute(Array)
#1 C:\Users\Bardock\Downloads\UniServerZ\www\cakeStrap-master\lib\Cake\Model\Datasource\DboSource.php(426): DboSource->_execute('INSERT INTO `go...', Array)
#2 C:\Users\Bardock\Downloads\UniServerZ\www\cakeStrap-master\lib\Cake\Model\Datasource\DboSource.php(1004): DboSource->execute('INSERT INTO `go...')
#3 C:\Users\Bardock\Downloads\UniServerZ\www\cakeStrap-master\lib\Cake\Model\Model.php(1761): DboSource->create(Object(GolfClub), Array, Array)
#4 C:\Users\Bardock\Downloads\UniServerZ\www\cakeStrap-master\app\Controller\GolfClubsController.php(72): Model->save(Array)
#5 [internal function]: GolfClubsController->edit('0')
#6 C:\Users\Bardock\Downloads\UniServerZ\www\cakeStrap-master\lib\Cake\Controller\Controller.php(490): ReflectionMethod->invokeArgs(Object(GolfClubsController), Array)
#7 C:\Users\Bardock\Downloads\UniServerZ\www\cakeStrap-master\lib\Cake\Routing\Dispatcher.php(187): Controller->invokeAction(Object(CakeRequest))
#8 C:\Users\Bardock\Downloads\UniServerZ\www\cakeStrap-master\lib\Cake\Routing\Dispatcher.php(162): Dispatcher->_invoke(Object(GolfClubsController), Object(CakeRequest), Object(CakeResponse))
#9 C:\Users\Bardock\Downloads\UniServerZ\www\cakeStrap-master\app\webroot\index.php(111): Dispatcher->dispatch(Object(CakeRequest), Object(CakeResponse))
#10 {main}
2014-11-11 06:10:27 Error: Fatal Error (4): syntax error, unexpected '' ? '' (T_CONSTANT_ENCAPSED_STRING), expecting ',' or ';' in [C:\Users\Bardock\Downloads\UniServerZ\www\cakeStrap-master\app\View\Elements\nav.ctp, line 39]
2014-11-11 06:10:27 Error: [FatalErrorException] syntax error, unexpected '' ? '' (T_CONSTANT_ENCAPSED_STRING), expecting ',' or ';'
Request URL: /cakeStrap-master/users
Stack Trace:
#0 C:\Users\Bardock\Downloads\UniServerZ\www\cakeStrap-master\lib\Cake\Error\ErrorHandler.php(205): ErrorHandler::handleFatalError(4, 'syntax error, u...', 'C:\\Users\\Bardoc...', 39)
#1 [internal function]: ErrorHandler::handleError(4, 'syntax error, u...', 'C:\\Users\\Bardoc...', 39, Array)
#2 C:\Users\Bardock\Downloads\UniServerZ\www\cakeStrap-master\lib\Cake\Core\App.php(931): call_user_func('ErrorHandler::h...', 4, 'syntax error, u...', 'C:\\Users\\Bardoc...', 39, Array)
#3 C:\Users\Bardock\Downloads\UniServerZ\www\cakeStrap-master\lib\Cake\Core\App.php(904): App::_checkFatalError()
#4 [internal function]: App::shutdown()
#5 {main}
2014-11-11 07:01:17 Error: Fatal Error (64): Cannot redeclare AppController::$components in [C:\Users\Bardock\Downloads\UniServerZ\www\cakeStrap-master\app\Controller\AppController.php, line 40]
2014-11-11 07:01:17 Error: [FatalErrorException] Cannot redeclare AppController::$components
Request URL: /cakeStrap-master/home
Stack Trace:
#0 C:\Users\Bardock\Downloads\UniServerZ\www\cakeStrap-master\lib\Cake\Error\ErrorHandler.php(205): ErrorHandler::handleFatalError(64, 'Cannot redeclar...', 'C:\\Users\\Bardoc...', 40)
#1 [internal function]: ErrorHandler::handleError(64, 'Cannot redeclar...', 'C:\\Users\\Bardoc...', 40, Array)
#2 C:\Users\Bardock\Downloads\UniServerZ\www\cakeStrap-master\lib\Cake\Core\App.php(931): call_user_func('ErrorHandler::h...', 64, 'Cannot redeclar...', 'C:\\Users\\Bardoc...', 40, Array)
#3 C:\Users\Bardock\Downloads\UniServerZ\www\cakeStrap-master\lib\Cake\Core\App.php(904): App::_checkFatalError()
#4 [internal function]: App::shutdown()
#5 {main}
2014-11-11 07:01:18 Error: [MissingControllerException] Controller class CssController could not be found.
Exception Attributes: array (
  'class' => 'CssController',
  'plugin' => NULL,
)
Request URL: /cakeStrap-master/css/cake.generic.css
Stack Trace:
#0 C:\Users\Bardock\Downloads\UniServerZ\www\cakeStrap-master\app\webroot\index.php(111): Dispatcher->dispatch(Object(CakeRequest), Object(CakeResponse))
#1 {main}
2014-11-11 07:01:18 Error: Fatal Error (64): Cannot redeclare AppController::$components in [C:\Users\Bardock\Downloads\UniServerZ\www\cakeStrap-master\app\Controller\AppController.php, line 40]
2014-11-11 07:01:18 Error: [FatalErrorException] Cannot redeclare AppController::$components
Request URL: /cakeStrap-master/css/cake.generic.css
Stack Trace:
#0 C:\Users\Bardock\Downloads\UniServerZ\www\cakeStrap-master\lib\Cake\Error\ErrorHandler.php(205): ErrorHandler::handleFatalError(64, 'Cannot redeclar...', 'C:\\Users\\Bardoc...', 40)
#1 [internal function]: ErrorHandler::handleError(64, 'Cannot redeclar...', 'C:\\Users\\Bardoc...', 40, Array)
#2 C:\Users\Bardock\Downloads\UniServerZ\www\cakeStrap-master\lib\Cake\Core\App.php(931): call_user_func('ErrorHandler::h...', 64, 'Cannot redeclar...', 'C:\\Users\\Bardoc...', 40, Array)
#3 C:\Users\Bardock\Downloads\UniServerZ\www\cakeStrap-master\lib\Cake\Core\App.php(904): App::_checkFatalError()
#4 [internal function]: App::shutdown()
#5 {main}
2014-11-11 07:01:18 Error: [MissingControllerException] Controller class ImgController could not be found.
Exception Attributes: array (
  'class' => 'ImgController',
  'plugin' => NULL,
)
Request URL: /cakeStrap-master/img/cake.power.gif
Stack Trace:
#0 C:\Users\Bardock\Downloads\UniServerZ\www\cakeStrap-master\app\webroot\index.php(111): Dispatcher->dispatch(Object(CakeRequest), Object(CakeResponse))
#1 {main}
2014-11-11 07:01:18 Error: Fatal Error (64): Cannot redeclare AppController::$components in [C:\Users\Bardock\Downloads\UniServerZ\www\cakeStrap-master\app\Controller\AppController.php, line 40]
2014-11-11 07:01:18 Error: [FatalErrorException] Cannot redeclare AppController::$components
Request URL: /cakeStrap-master/img/cake.power.gif
Stack Trace:
#0 C:\Users\Bardock\Downloads\UniServerZ\www\cakeStrap-master\lib\Cake\Error\ErrorHandler.php(205): ErrorHandler::handleFatalError(64, 'Cannot redeclar...', 'C:\\Users\\Bardoc...', 40)
#1 [internal function]: ErrorHandler::handleError(64, 'Cannot redeclar...', 'C:\\Users\\Bardoc...', 40, Array)
#2 C:\Users\Bardock\Downloads\UniServerZ\www\cakeStrap-master\lib\Cake\Core\App.php(931): call_user_func('ErrorHandler::h...', 64, 'Cannot redeclar...', 'C:\\Users\\Bardoc...', 40, Array)
#3 C:\Users\Bardock\Downloads\UniServerZ\www\cakeStrap-master\lib\Cake\Core\App.php(904): App::_checkFatalError()
#4 [internal function]: App::shutdown()
#5 {main}
2014-11-17 14:44:27 Error: [MissingControllerException] Controller class JsController could not be found.
Exception Attributes: array (
  'class' => 'JsController',
  'plugin' => NULL,
)
Request URL: /cakeStrap-master/js/lib/jquery.min.js
Stack Trace:
#0 C:\Users\Bardock\Downloads\UniServerZ\www\cakeStrap-master\app\webroot\index.php(111): Dispatcher->dispatch(Object(CakeRequest), Object(CakeResponse))
#1 {main}
2014-11-17 14:44:31 Error: [MissingControllerException] Controller class JsController could not be found.
Exception Attributes: array (
  'class' => 'JsController',
  'plugin' => NULL,
)
Request URL: /cakeStrap-master/js/lib/jquery.min.js
Stack Trace:
#0 C:\Users\Bardock\Downloads\UniServerZ\www\cakeStrap-master\app\webroot\index.php(111): Dispatcher->dispatch(Object(CakeRequest), Object(CakeResponse))
#1 {main}
2014-11-17 15:42:56 Error: [MissingControllerException] Controller class JsController could not be found.
Exception Attributes: array (
  'class' => 'JsController',
  'plugin' => NULL,
)
Request URL: /cakeStrap-master/js/lib/jquery.min.js
Stack Trace:
#0 C:\Users\Bardock\Downloads\UniServerZ\www\cakeStrap-master\app\webroot\index.php(111): Dispatcher->dispatch(Object(CakeRequest), Object(CakeResponse))
#1 {main}
